e:\code\vs2017\qt\cstartmustic\cstartmustic\x64\debug\main.obj
e:\code\vs2017\qt\cstartmustic\cstartmustic\x64\debug\cstarmyslider.obj
e:\code\vs2017\qt\cstartmustic\cstartmustic\x64\debug\qrc_cstartmustic.obj
e:\code\vs2017\qt\cstartmustic\cstartmustic\x64\debug\moc_cstartmustic.obj
e:\code\vs2017\qt\cstartmustic\cstartmustic\x64\debug\moc_cstarqtabwidget.obj
e:\code\vs2017\qt\cstartmustic\cstartmustic\x64\debug\vc141.pdb
e:\code\vs2017\qt\cstartmustic\cstartmustic\x64\debug\cstartmustic.obj
e:\code\vs2017\qt\cstartmustic\cstartmustic\generatedfiles\ui_cstartmustic.h
e:\code\vs2017\qt\cstartmustic\cstartmustic\generatedfiles\qrc_cstartmustic.cpp
e:\code\vs2017\qt\cstartmustic\cstartmustic\generatedfiles\debug\moc_cstartmustic.cpp
e:\code\vs2017\qt\cstartmustic\cstartmustic\generatedfiles\debug\moc_cstarqtabwidget.cpp
e:\code\vs2017\qt\cstartmustic\x64\debug\cstartmustic.exe
e:\code\vs2017\qt\cstartmustic\x64\debug\cstartmustic.ilk
e:\code\vs2017\qt\cstartmustic\x64\debug\cstartmustic.pdb
e:\code\vs2017\qt\cstartmustic\cstartmustic\.\generatedfiles\debug\moc_cstartmustic.cpp
e:\code\vs2017\qt\cstartmustic\cstartmustic\.\generatedfiles\debug\moc_cstarqtabwidget.cpp
e:\code\vs2017\qt\cstartmustic\cstartmustic\.\generatedfiles\qrc_cstartmustic.cpp
e:\code\vs2017\qt\cstartmustic\cstartmustic\.\generatedfiles\ui_cstartmustic.h
e:\code\vs2017\qt\cstartmustic\cstartmustic\x64\debug\cstartmustic.tlog\cl.command.1.tlog
e:\code\vs2017\qt\cstartmustic\cstartmustic\x64\debug\cstartmustic.tlog\cl.read.1.tlog
e:\code\vs2017\qt\cstartmustic\cstartmustic\x64\debug\cstartmustic.tlog\cl.write.1.tlog
e:\code\vs2017\qt\cstartmustic\cstartmustic\x64\debug\cstartmustic.tlog\cstartmustic.write.1u.tlog
e:\code\vs2017\qt\cstartmustic\cstartmustic\x64\debug\cstartmustic.tlog\link.command.1.tlog
e:\code\vs2017\qt\cstartmustic\cstartmustic\x64\debug\cstartmustic.tlog\link.read.1.tlog
e:\code\vs2017\qt\cstartmustic\cstartmustic\x64\debug\cstartmustic.tlog\link.write.1.tlog
e:\code\vs2017\qt\cstartmustic\cstartmustic\x64\debug\cstartmustic.tlog\moc.read.1u.tlog
e:\code\vs2017\qt\cstartmustic\cstartmustic\x64\debug\cstartmustic.tlog\moc.write.1u.tlog
e:\code\vs2017\qt\cstartmustic\cstartmustic\x64\debug\cstartmustic.tlog\rcc.read.1u.tlog
e:\code\vs2017\qt\cstartmustic\cstartmustic\x64\debug\cstartmustic.tlog\rcc.write.1u.tlog
e:\code\vs2017\qt\cstartmustic\cstartmustic\x64\debug\cstartmustic.tlog\uic.read.1u.tlog
e:\code\vs2017\qt\cstartmustic\cstartmustic\x64\debug\cstartmustic.tlog\uic.write.1u.tlog
